2025-01-30 10:56:43,522 - INFO - Created results file: grid_search_results_20250130_105643\grid_search_results.csv
2025-01-30 10:56:43,522 - INFO - 
==================================================
2025-01-30 10:56:43,523 - INFO - Starting combination 1/24
2025-01-30 10:56:43,523 - INFO - Parameters: {'class_weight': 0.1, 'reg_weight': 1.7, 'learning_rate': 0.0001, 'batch_size': 96, 'dropout_rate': 0.6, 'epochs': 25, 'early_stopping_patience': 7, 'reduce_lr_patience': 4, 'lr_decay_rate': 0.9}
2025-01-30 10:56:44,625 - INFO - Starting training...
2025-01-30 11:00:05,620 - INFO - Evaluating model...
2025-01-30 11:00:11,163 - INFO - 
Training Results:
2025-01-30 11:00:11,163 - INFO - Training Metrics:
2025-01-30 11:00:11,164 - INFO - - Classification Accuracy: 0.9952
2025-01-30 11:00:11,164 - INFO - - Classification Loss: 0.2228
2025-01-30 11:00:11,164 - INFO - - Regression MAE: 0.1760
2025-01-30 11:00:11,164 - INFO - - Total Loss: 8.1643
2025-01-30 11:00:11,164 - INFO - 
Validation Metrics:
2025-01-30 11:00:11,164 - INFO - - Classification Accuracy: 0.9992
2025-01-30 11:00:11,165 - INFO - - Classification Loss: 0.2080
2025-01-30 11:00:11,165 - INFO - - Regression MAE: 0.1617
2025-01-30 11:00:11,165 - INFO - - Total Loss: 2.3866
2025-01-30 11:00:11,169 - INFO - 
New Best Model Found!
2025-01-30 11:00:11,169 - INFO - Improvements:
2025-01-30 11:00:11,170 - INFO - - Classification Accuracy: 1.0000
2025-01-30 11:00:11,170 - INFO - - Classification Loss: 0.2080
2025-01-30 11:00:11,170 - INFO - - Regression MAE: 0.1005
2025-01-30 11:00:11,170 - INFO - - Total Loss: 1.5120
2025-01-30 11:00:11,170 - INFO - Model saved in: models/face_detection_20250130_105644
2025-01-30 11:00:11,170 - INFO - 
Training Time: 3.31 minutes
2025-01-30 11:00:11,171 - INFO - Epochs Trained: 10/25
2025-01-30 11:00:11,171 - INFO - Early Stopping: Yes
2025-01-30 11:00:11,198 - INFO - 
==================================================
2025-01-30 11:00:11,199 - INFO - Starting combination 2/24
2025-01-30 11:00:11,199 - INFO - Parameters: {'class_weight': 0.1, 'reg_weight': 1.7, 'learning_rate': 0.0001, 'batch_size': 96, 'dropout_rate': 0.7, 'epochs': 25, 'early_stopping_patience': 7, 'reduce_lr_patience': 4, 'lr_decay_rate': 0.9}
2025-01-30 11:00:12,354 - INFO - Starting training...
2025-01-30 11:07:58,870 - INFO - Evaluating model...
2025-01-30 11:08:03,320 - INFO - 
Training Results:
2025-01-30 11:08:03,320 - INFO - Training Metrics:
2025-01-30 11:08:03,321 - INFO - - Classification Accuracy: 0.9958
2025-01-30 11:08:03,321 - INFO - - Classification Loss: 0.2268
2025-01-30 11:08:03,321 - INFO - - Regression MAE: 0.1748
2025-01-30 11:08:03,321 - INFO - - Total Loss: 7.1237
2025-01-30 11:08:03,321 - INFO - 
Validation Metrics:
2025-01-30 11:08:03,322 - INFO - - Classification Accuracy: 0.9992
2025-01-30 11:08:03,322 - INFO - - Classification Loss: 0.2116
2025-01-30 11:08:03,322 - INFO - - Regression MAE: 0.1534
2025-01-30 11:08:03,322 - INFO - - Total Loss: 2.1965
2025-01-30 11:08:03,326 - INFO - 
Training Time: 7.75 minutes
2025-01-30 11:08:03,326 - INFO - Epochs Trained: 25/25
2025-01-30 11:08:03,327 - INFO - Early Stopping: No
2025-01-30 11:08:03,359 - INFO - 
==================================================
2025-01-30 11:08:03,360 - INFO - Starting combination 3/24
2025-01-30 11:08:03,360 - INFO - Parameters: {'class_weight': 0.1, 'reg_weight': 1.7, 'learning_rate': 0.0001, 'batch_size': 128, 'dropout_rate': 0.6, 'epochs': 25, 'early_stopping_patience': 7, 'reduce_lr_patience': 4, 'lr_decay_rate': 0.9}
2025-01-30 11:08:04,710 - INFO - Starting training...
2025-01-30 11:13:51,625 - INFO - Evaluating model...
2025-01-30 11:13:55,899 - INFO - 
Training Results:
2025-01-30 11:13:55,900 - INFO - Training Metrics:
2025-01-30 11:13:55,900 - INFO - - Classification Accuracy: 0.9982
2025-01-30 11:13:55,900 - INFO - - Classification Loss: 0.2262
2025-01-30 11:13:55,900 - INFO - - Regression MAE: 0.1673
2025-01-30 11:13:55,900 - INFO - - Total Loss: 5.2449
2025-01-30 11:13:55,900 - INFO - 
Validation Metrics:
2025-01-30 11:13:55,901 - INFO - - Classification Accuracy: 1.0000
2025-01-30 11:13:55,901 - INFO - - Classification Loss: 0.2054
2025-01-30 11:13:55,901 - INFO - - Regression MAE: 0.1555
2025-01-30 11:13:55,901 - INFO - - Total Loss: 1.7351
2025-01-30 11:13:55,904 - INFO - 
New Best Model Found!
2025-01-30 11:13:55,904 - INFO - Improvements:
2025-01-30 11:13:55,905 - INFO - - Classification Accuracy: 1.0000
2025-01-30 11:13:55,905 - INFO - - Classification Loss: 0.2054
2025-01-30 11:13:55,905 - INFO - - Regression MAE: 0.1520
2025-01-30 11:13:55,905 - INFO - - Total Loss: 1.4985
2025-01-30 11:13:55,905 - INFO - Model saved in: models/face_detection_20250130_110804
2025-01-30 11:13:55,905 - INFO - 
Training Time: 5.76 minutes
2025-01-30 11:13:55,906 - INFO - Epochs Trained: 19/25
2025-01-30 11:13:55,906 - INFO - Early Stopping: Yes
2025-01-30 11:13:55,931 - INFO - 
==================================================
2025-01-30 11:13:55,932 - INFO - Starting combination 4/24
2025-01-30 11:13:55,932 - INFO - Parameters: {'class_weight': 0.1, 'reg_weight': 1.7, 'learning_rate': 0.0001, 'batch_size': 128, 'dropout_rate': 0.7, 'epochs': 25, 'early_stopping_patience': 7, 'reduce_lr_patience': 4, 'lr_decay_rate': 0.9}
2025-01-30 11:13:57,198 - INFO - Starting training...
2025-01-30 11:18:32,839 - INFO - Evaluating model...
2025-01-30 11:18:36,908 - INFO - 
Training Results:
2025-01-30 11:18:36,908 - INFO - Training Metrics:
2025-01-30 11:18:36,909 - INFO - - Classification Accuracy: 0.9952
2025-01-30 11:18:36,909 - INFO - - Classification Loss: 0.2461
2025-01-30 11:18:36,909 - INFO - - Regression MAE: 0.1876
2025-01-30 11:18:36,909 - INFO - - Total Loss: 6.4723
2025-01-30 11:18:36,909 - INFO - 
Validation Metrics:
2025-01-30 11:18:36,910 - INFO - - Classification Accuracy: 1.0000
2025-01-30 11:18:36,910 - INFO - - Classification Loss: 0.2108
2025-01-30 11:18:36,910 - INFO - - Regression MAE: 0.1671
2025-01-30 11:18:36,910 - INFO - - Total Loss: 2.2546
2025-01-30 11:18:36,914 - INFO - 
Training Time: 4.58 minutes
2025-01-30 11:18:36,914 - INFO - Epochs Trained: 15/25
2025-01-30 11:18:36,915 - INFO - Early Stopping: Yes
2025-01-30 11:18:36,944 - INFO - 
==================================================
2025-01-30 11:18:36,945 - INFO - Starting combination 5/24
2025-01-30 11:18:36,945 - INFO - Parameters: {'class_weight': 0.1, 'reg_weight': 1.8, 'learning_rate': 0.0001, 'batch_size': 96, 'dropout_rate': 0.6, 'epochs': 25, 'early_stopping_patience': 7, 'reduce_lr_patience': 4, 'lr_decay_rate': 0.9}
2025-01-30 11:18:38,497 - INFO - Starting training...
2025-01-30 11:21:23,420 - INFO - Evaluating model...
2025-01-30 11:21:27,590 - INFO - 
Training Results:
2025-01-30 11:21:27,590 - INFO - Training Metrics:
2025-01-30 11:21:27,590 - INFO - - Classification Accuracy: 0.9950
2025-01-30 11:21:27,590 - INFO - - Classification Loss: 0.2560
2025-01-30 11:21:27,591 - INFO - - Regression MAE: 0.1808
2025-01-30 11:21:27,591 - INFO - - Total Loss: 8.2473
2025-01-30 11:21:27,591 - INFO - 
Validation Metrics:
2025-01-30 11:21:27,591 - INFO - - Classification Accuracy: 0.9992
2025-01-30 11:21:27,591 - INFO - - Classification Loss: 0.2089
2025-01-30 11:21:27,591 - INFO - - Regression MAE: 0.1662
2025-01-30 11:21:27,592 - INFO - - Total Loss: 2.6522
2025-01-30 11:21:27,595 - INFO - 
Training Time: 2.73 minutes
2025-01-30 11:21:27,595 - INFO - Epochs Trained: 9/25
2025-01-30 11:21:27,596 - INFO - Early Stopping: Yes
2025-01-30 11:21:27,622 - INFO - 
==================================================
2025-01-30 11:21:27,622 - INFO - Starting combination 6/24
2025-01-30 11:21:27,623 - INFO - Parameters: {'class_weight': 0.1, 'reg_weight': 1.8, 'learning_rate': 0.0001, 'batch_size': 96, 'dropout_rate': 0.7, 'epochs': 25, 'early_stopping_patience': 7, 'reduce_lr_patience': 4, 'lr_decay_rate': 0.9}
2025-01-30 11:21:28,772 - INFO - Starting training...
2025-01-30 11:29:09,680 - INFO - Evaluating model...
2025-01-30 11:29:13,786 - INFO - 
Training Results:
2025-01-30 11:29:13,786 - INFO - Training Metrics:
2025-01-30 11:29:13,787 - INFO - - Classification Accuracy: 0.9962
2025-01-30 11:29:13,787 - INFO - - Classification Loss: 0.2215
2025-01-30 11:29:13,787 - INFO - - Regression MAE: 0.1745
2025-01-30 11:29:13,787 - INFO - - Total Loss: 6.0464
2025-01-30 11:29:13,787 - INFO - 
Validation Metrics:
2025-01-30 11:29:13,787 - INFO - - Classification Accuracy: 0.9992
2025-01-30 11:29:13,788 - INFO - - Classification Loss: 0.2107
2025-01-30 11:29:13,788 - INFO - - Regression MAE: 0.1622
2025-01-30 11:29:13,788 - INFO - - Total Loss: 2.2909
2025-01-30 11:29:13,791 - INFO - 
Training Time: 7.66 minutes
2025-01-30 11:29:13,791 - INFO - Epochs Trained: 25/25
2025-01-30 11:29:13,792 - INFO - Early Stopping: No
2025-01-30 11:29:13,816 - INFO - 
==================================================
2025-01-30 11:29:13,817 - INFO - Starting combination 7/24
2025-01-30 11:29:13,817 - INFO - Parameters: {'class_weight': 0.1, 'reg_weight': 1.8, 'learning_rate': 0.0001, 'batch_size': 128, 'dropout_rate': 0.6, 'epochs': 25, 'early_stopping_patience': 7, 'reduce_lr_patience': 4, 'lr_decay_rate': 0.9}
2025-01-30 11:29:14,925 - INFO - Starting training...
2025-01-30 11:36:51,786 - INFO - Evaluating model...
2025-01-30 11:36:55,654 - INFO - 
Training Results:
2025-01-30 11:36:55,654 - INFO - Training Metrics:
2025-01-30 11:36:55,655 - INFO - - Classification Accuracy: 0.9966
2025-01-30 11:36:55,655 - INFO - - Classification Loss: 0.2104
2025-01-30 11:36:55,655 - INFO - - Regression MAE: 0.1638
2025-01-30 11:36:55,655 - INFO - - Total Loss: 7.7785
2025-01-30 11:36:55,655 - INFO - 
Validation Metrics:
2025-01-30 11:36:55,655 - INFO - - Classification Accuracy: 1.0000
2025-01-30 11:36:55,655 - INFO - - Classification Loss: 0.2100
2025-01-30 11:36:55,656 - INFO - - Regression MAE: 0.1465
2025-01-30 11:36:55,656 - INFO - - Total Loss: 1.8619
2025-01-30 11:36:55,659 - INFO - 
Training Time: 7.60 minutes
2025-01-30 11:36:55,659 - INFO - Epochs Trained: 25/25
2025-01-30 11:36:55,659 - INFO - Early Stopping: No
2025-01-30 11:36:55,684 - INFO - 
==================================================
2025-01-30 11:36:55,684 - INFO - Starting combination 8/24
2025-01-30 11:36:55,684 - INFO - Parameters: {'class_weight': 0.1, 'reg_weight': 1.8, 'learning_rate': 0.0001, 'batch_size': 128, 'dropout_rate': 0.7, 'epochs': 25, 'early_stopping_patience': 7, 'reduce_lr_patience': 4, 'lr_decay_rate': 0.9}
2025-01-30 11:36:56,836 - INFO - Starting training...
2025-01-30 11:44:35,970 - INFO - Evaluating model...
2025-01-30 11:44:40,140 - INFO - 
Training Results:
2025-01-30 11:44:40,141 - INFO - Training Metrics:
2025-01-30 11:44:40,141 - INFO - - Classification Accuracy: 0.9969
2025-01-30 11:44:40,141 - INFO - - Classification Loss: 0.2168
2025-01-30 11:44:40,141 - INFO - - Regression MAE: 0.1685
2025-01-30 11:44:40,141 - INFO - - Total Loss: 5.2988
2025-01-30 11:44:40,141 - INFO - 
Validation Metrics:
2025-01-30 11:44:40,142 - INFO - - Classification Accuracy: 0.9992
2025-01-30 11:44:40,142 - INFO - - Classification Loss: 0.2055
2025-01-30 11:44:40,142 - INFO - - Regression MAE: 0.1648
2025-01-30 11:44:40,142 - INFO - - Total Loss: 2.0698
2025-01-30 11:44:40,146 - INFO - 
Training Time: 7.63 minutes
2025-01-30 11:44:40,146 - INFO - Epochs Trained: 25/25
2025-01-30 11:44:40,146 - INFO - Early Stopping: No
2025-01-30 11:44:40,171 - INFO - 
==================================================
2025-01-30 11:44:40,171 - INFO - Starting combination 9/24
2025-01-30 11:44:40,172 - INFO - Parameters: {'class_weight': 0.1, 'reg_weight': 1.9, 'learning_rate': 0.0001, 'batch_size': 96, 'dropout_rate': 0.6, 'epochs': 25, 'early_stopping_patience': 7, 'reduce_lr_patience': 4, 'lr_decay_rate': 0.9}
2025-01-30 11:44:41,671 - INFO - Starting training...
2025-01-30 11:52:00,734 - INFO - Evaluating model...
2025-01-30 11:52:04,629 - INFO - 
Training Results:
2025-01-30 11:52:04,630 - INFO - Training Metrics:
2025-01-30 11:52:04,630 - INFO - - Classification Accuracy: 0.9971
2025-01-30 11:52:04,630 - INFO - - Classification Loss: 0.2106
2025-01-30 11:52:04,630 - INFO - - Regression MAE: 0.1666
2025-01-30 11:52:04,630 - INFO - - Total Loss: 7.6155
2025-01-30 11:52:04,630 - INFO - 
Validation Metrics:
2025-01-30 11:52:04,631 - INFO - - Classification Accuracy: 1.0000
2025-01-30 11:52:04,631 - INFO - - Classification Loss: 0.2038
2025-01-30 11:52:04,631 - INFO - - Regression MAE: 0.1509
2025-01-30 11:52:04,631 - INFO - - Total Loss: 1.8905
2025-01-30 11:52:04,635 - INFO - 
Training Time: 7.30 minutes
2025-01-30 11:52:04,635 - INFO - Epochs Trained: 25/25
2025-01-30 11:52:04,635 - INFO - Early Stopping: No
2025-01-30 11:52:04,660 - INFO - 
==================================================
2025-01-30 11:52:04,660 - INFO - Starting combination 10/24
2025-01-30 11:52:04,661 - INFO - Parameters: {'class_weight': 0.1, 'reg_weight': 1.9, 'learning_rate': 0.0001, 'batch_size': 96, 'dropout_rate': 0.7, 'epochs': 25, 'early_stopping_patience': 7, 'reduce_lr_patience': 4, 'lr_decay_rate': 0.9}
2025-01-30 11:52:05,780 - INFO - Starting training...
2025-01-30 11:55:37,213 - INFO - Evaluating model...
2025-01-30 11:55:41,302 - INFO - 
Training Results:
2025-01-30 11:55:41,302 - INFO - Training Metrics:
2025-01-30 11:55:41,302 - INFO - - Classification Accuracy: 0.9943
2025-01-30 11:55:41,303 - INFO - - Classification Loss: 0.2301
2025-01-30 11:55:41,303 - INFO - - Regression MAE: 0.1866
2025-01-30 11:55:41,303 - INFO - - Total Loss: 8.2450
2025-01-30 11:55:41,303 - INFO - 
Validation Metrics:
2025-01-30 11:55:41,303 - INFO - - Classification Accuracy: 0.9992
2025-01-30 11:55:41,304 - INFO - - Classification Loss: 0.2121
2025-01-30 11:55:41,304 - INFO - - Regression MAE: 0.1610
2025-01-30 11:55:41,304 - INFO - - Total Loss: 2.5308
2025-01-30 11:55:41,307 - INFO - 
Training Time: 3.51 minutes
2025-01-30 11:55:41,307 - INFO - Epochs Trained: 12/25
2025-01-30 11:55:41,307 - INFO - Early Stopping: Yes
2025-01-30 11:55:41,332 - INFO - 
==================================================
2025-01-30 11:55:41,332 - INFO - Starting combination 11/24
2025-01-30 11:55:41,332 - INFO - Parameters: {'class_weight': 0.1, 'reg_weight': 1.9, 'learning_rate': 0.0001, 'batch_size': 128, 'dropout_rate': 0.6, 'epochs': 25, 'early_stopping_patience': 7, 'reduce_lr_patience': 4, 'lr_decay_rate': 0.9}
2025-01-30 11:55:42,435 - INFO - Starting training...
2025-01-30 12:02:43,493 - INFO - Evaluating model...
2025-01-30 12:02:47,924 - INFO - 
Training Results:
2025-01-30 12:02:47,925 - INFO - Training Metrics:
2025-01-30 12:02:47,925 - INFO - - Classification Accuracy: 0.9973
2025-01-30 12:02:47,926 - INFO - - Classification Loss: 0.2239
2025-01-30 12:02:47,926 - INFO - - Regression MAE: 0.1679
2025-01-30 12:02:47,926 - INFO - - Total Loss: 5.5342
2025-01-30 12:02:47,927 - INFO - 
Validation Metrics:
2025-01-30 12:02:47,927 - INFO - - Classification Accuracy: 1.0000
2025-01-30 12:02:47,928 - INFO - - Classification Loss: 0.2063
2025-01-30 12:02:47,928 - INFO - - Regression MAE: 0.1582
2025-01-30 12:02:47,928 - INFO - - Total Loss: 2.0451
2025-01-30 12:02:47,941 - INFO - 
Training Time: 7.00 minutes
2025-01-30 12:02:47,942 - INFO - Epochs Trained: 23/25
2025-01-30 12:02:47,942 - INFO - Early Stopping: Yes
2025-01-30 12:02:47,991 - INFO - 
==================================================
2025-01-30 12:02:47,992 - INFO - Starting combination 12/24
2025-01-30 12:02:47,992 - INFO - Parameters: {'class_weight': 0.1, 'reg_weight': 1.9, 'learning_rate': 0.0001, 'batch_size': 128, 'dropout_rate': 0.7, 'epochs': 25, 'early_stopping_patience': 7, 'reduce_lr_patience': 4, 'lr_decay_rate': 0.9}
2025-01-30 12:02:49,329 - INFO - Starting training...
2025-01-30 12:10:36,552 - INFO - Evaluating model...
2025-01-30 12:10:40,772 - INFO - 
Training Results:
2025-01-30 12:10:40,773 - INFO - Training Metrics:
2025-01-30 12:10:40,773 - INFO - - Classification Accuracy: 0.9966
2025-01-30 12:10:40,773 - INFO - - Classification Loss: 0.2248
2025-01-30 12:10:40,773 - INFO - - Regression MAE: 0.1714
2025-01-30 12:10:40,773 - INFO - - Total Loss: 6.9160
2025-01-30 12:10:40,774 - INFO - 
Validation Metrics:
2025-01-30 12:10:40,774 - INFO - - Classification Accuracy: 1.0000
2025-01-30 12:10:40,774 - INFO - - Classification Loss: 0.2076
2025-01-30 12:10:40,774 - INFO - - Regression MAE: 0.1632
2025-01-30 12:10:40,774 - INFO - - Total Loss: 2.4373
2025-01-30 12:10:40,778 - INFO - 
Training Time: 7.77 minutes
2025-01-30 12:10:40,778 - INFO - Epochs Trained: 25/25
2025-01-30 12:10:40,778 - INFO - Early Stopping: No
2025-01-30 12:10:40,802 - INFO - 
==================================================
2025-01-30 12:10:40,803 - INFO - Starting combination 13/24
2025-01-30 12:10:40,803 - INFO - Parameters: {'class_weight': 0.2, 'reg_weight': 1.7, 'learning_rate': 0.0001, 'batch_size': 96, 'dropout_rate': 0.6, 'epochs': 25, 'early_stopping_patience': 7, 'reduce_lr_patience': 4, 'lr_decay_rate': 0.9}
2025-01-30 12:10:42,165 - INFO - Starting training...
2025-01-30 12:18:06,089 - INFO - Evaluating model...
2025-01-30 12:18:10,516 - INFO - 
Training Results:
2025-01-30 12:18:10,516 - INFO - Training Metrics:
2025-01-30 12:18:10,517 - INFO - - Classification Accuracy: 0.9976
2025-01-30 12:18:10,517 - INFO - - Classification Loss: 0.2321
2025-01-30 12:18:10,517 - INFO - - Regression MAE: 0.1679
2025-01-30 12:18:10,517 - INFO - - Total Loss: 6.8533
2025-01-30 12:18:10,517 - INFO - 
Validation Metrics:
2025-01-30 12:18:10,518 - INFO - - Classification Accuracy: 1.0000
2025-01-30 12:18:10,518 - INFO - - Classification Loss: 0.2028
2025-01-30 12:18:10,518 - INFO - - Regression MAE: 0.1503
2025-01-30 12:18:10,518 - INFO - - Total Loss: 1.4733
2025-01-30 12:18:10,521 - INFO - 
New Best Model Found!
2025-01-30 12:18:10,521 - INFO - Improvements:
2025-01-30 12:18:10,522 - INFO - - Classification Accuracy: 1.0000
2025-01-30 12:18:10,522 - INFO - - Classification Loss: 0.2028
2025-01-30 12:18:10,522 - INFO - - Regression MAE: 0.1476
2025-01-30 12:18:10,522 - INFO - - Total Loss: 1.4716
2025-01-30 12:18:10,522 - INFO - Model saved in: models/face_detection_20250130_121042
2025-01-30 12:18:10,522 - INFO - 
Training Time: 7.38 minutes
2025-01-30 12:18:10,523 - INFO - Epochs Trained: 24/25
2025-01-30 12:18:10,523 - INFO - Early Stopping: Yes
2025-01-30 12:18:10,547 - INFO - 
==================================================
2025-01-30 12:18:10,547 - INFO - Starting combination 14/24
2025-01-30 12:18:10,547 - INFO - Parameters: {'class_weight': 0.2, 'reg_weight': 1.7, 'learning_rate': 0.0001, 'batch_size': 96, 'dropout_rate': 0.7, 'epochs': 25, 'early_stopping_patience': 7, 'reduce_lr_patience': 4, 'lr_decay_rate': 0.9}
2025-01-30 12:18:11,711 - INFO - Starting training...
2025-01-30 12:26:00,443 - INFO - Evaluating model...
2025-01-30 12:26:04,741 - INFO - 
Training Results:
2025-01-30 12:26:04,741 - INFO - Training Metrics:
2025-01-30 12:26:04,741 - INFO - - Classification Accuracy: 0.9977
2025-01-30 12:26:04,741 - INFO - - Classification Loss: 0.2309
2025-01-30 12:26:04,742 - INFO - - Regression MAE: 0.1701
2025-01-30 12:26:04,742 - INFO - - Total Loss: 6.4750
2025-01-30 12:26:04,742 - INFO - 
Validation Metrics:
2025-01-30 12:26:04,742 - INFO - - Classification Accuracy: 1.0000
2025-01-30 12:26:04,742 - INFO - - Classification Loss: 0.2063
2025-01-30 12:26:04,742 - INFO - - Regression MAE: 0.1584
2025-01-30 12:26:04,743 - INFO - - Total Loss: 2.0530
2025-01-30 12:26:04,746 - INFO - 
Training Time: 7.79 minutes
2025-01-30 12:26:04,746 - INFO - Epochs Trained: 25/25
2025-01-30 12:26:04,746 - INFO - Early Stopping: No
2025-01-30 12:26:04,771 - INFO - 
==================================================
2025-01-30 12:26:04,772 - INFO - Starting combination 15/24
2025-01-30 12:26:04,772 - INFO - Parameters: {'class_weight': 0.2, 'reg_weight': 1.7, 'learning_rate': 0.0001, 'batch_size': 128, 'dropout_rate': 0.6, 'epochs': 25, 'early_stopping_patience': 7, 'reduce_lr_patience': 4, 'lr_decay_rate': 0.9}
2025-01-30 12:26:06,065 - INFO - Starting training...
2025-01-30 12:30:55,924 - INFO - Evaluating model...
2025-01-30 12:30:59,975 - INFO - 
Training Results:
2025-01-30 12:30:59,976 - INFO - Training Metrics:
2025-01-30 12:30:59,976 - INFO - - Classification Accuracy: 0.9976
2025-01-30 12:30:59,976 - INFO - - Classification Loss: 0.3090
2025-01-30 12:30:59,976 - INFO - - Regression MAE: 0.1699
2025-01-30 12:30:59,976 - INFO - - Total Loss: 3.1515
2025-01-30 12:30:59,977 - INFO - 
Validation Metrics:
2025-01-30 12:30:59,977 - INFO - - Classification Accuracy: 0.9992
2025-01-30 12:30:59,977 - INFO - - Classification Loss: 0.2061
2025-01-30 12:30:59,977 - INFO - - Regression MAE: 0.1514
2025-01-30 12:30:59,977 - INFO - - Total Loss: 1.7655
2025-01-30 12:30:59,980 - INFO - 
Training Time: 4.81 minutes
2025-01-30 12:30:59,981 - INFO - Epochs Trained: 16/25
2025-01-30 12:30:59,981 - INFO - Early Stopping: Yes
2025-01-30 12:31:00,007 - INFO - 
==================================================
2025-01-30 12:31:00,007 - INFO - Starting combination 16/24
2025-01-30 12:31:00,008 - INFO - Parameters: {'class_weight': 0.2, 'reg_weight': 1.7, 'learning_rate': 0.0001, 'batch_size': 128, 'dropout_rate': 0.7, 'epochs': 25, 'early_stopping_patience': 7, 'reduce_lr_patience': 4, 'lr_decay_rate': 0.9}
2025-01-30 12:31:01,656 - INFO - Starting training...
2025-01-30 12:34:34,743 - INFO - Evaluating model...
2025-01-30 12:34:38,636 - INFO - 
Training Results:
2025-01-30 12:34:38,637 - INFO - Training Metrics:
2025-01-30 12:34:38,637 - INFO - - Classification Accuracy: 0.9944
2025-01-30 12:34:38,637 - INFO - - Classification Loss: 0.2198
2025-01-30 12:34:38,637 - INFO - - Regression MAE: 0.1836
2025-01-30 12:34:38,638 - INFO - - Total Loss: 10.0911
2025-01-30 12:34:38,638 - INFO - 
Validation Metrics:
2025-01-30 12:34:38,638 - INFO - - Classification Accuracy: 0.9992
2025-01-30 12:34:38,638 - INFO - - Classification Loss: 0.2126
2025-01-30 12:34:38,638 - INFO - - Regression MAE: 0.1545
2025-01-30 12:34:38,638 - INFO - - Total Loss: 2.6486
2025-01-30 12:34:38,641 - INFO - 
Training Time: 3.53 minutes
2025-01-30 12:34:38,641 - INFO - Epochs Trained: 12/25
2025-01-30 12:34:38,643 - INFO - Early Stopping: Yes
2025-01-30 12:34:38,667 - INFO - 
==================================================
2025-01-30 12:34:38,668 - INFO - Starting combination 17/24
2025-01-30 12:34:38,668 - INFO - Parameters: {'class_weight': 0.2, 'reg_weight': 1.8, 'learning_rate': 0.0001, 'batch_size': 96, 'dropout_rate': 0.6, 'epochs': 25, 'early_stopping_patience': 7, 'reduce_lr_patience': 4, 'lr_decay_rate': 0.9}
2025-01-30 12:34:39,815 - INFO - Starting training...
2025-01-30 12:41:42,967 - INFO - Evaluating model...
2025-01-30 12:41:46,863 - INFO - 
Training Results:
2025-01-30 12:41:46,863 - INFO - Training Metrics:
2025-01-30 12:41:46,864 - INFO - - Classification Accuracy: 0.9976
2025-01-30 12:41:46,864 - INFO - - Classification Loss: 0.2354
2025-01-30 12:41:46,864 - INFO - - Regression MAE: 0.1675
2025-01-30 12:41:46,864 - INFO - - Total Loss: 8.4571
2025-01-30 12:41:46,864 - INFO - 
Validation Metrics:
2025-01-30 12:41:46,865 - INFO - - Classification Accuracy: 1.0000
2025-01-30 12:41:46,865 - INFO - - Classification Loss: 0.2055
2025-01-30 12:41:46,865 - INFO - - Regression MAE: 0.1507
2025-01-30 12:41:46,865 - INFO - - Total Loss: 1.5768
2025-01-30 12:41:46,868 - INFO - 
Training Time: 7.03 minutes
2025-01-30 12:41:46,868 - INFO - Epochs Trained: 24/25
2025-01-30 12:41:46,869 - INFO - Early Stopping: Yes
2025-01-30 12:41:46,893 - INFO - 
==================================================
2025-01-30 12:41:46,893 - INFO - Starting combination 18/24
2025-01-30 12:41:46,893 - INFO - Parameters: {'class_weight': 0.2, 'reg_weight': 1.8, 'learning_rate': 0.0001, 'batch_size': 96, 'dropout_rate': 0.7, 'epochs': 25, 'early_stopping_patience': 7, 'reduce_lr_patience': 4, 'lr_decay_rate': 0.9}
2025-01-30 12:41:48,026 - INFO - Starting training...
2025-01-30 12:49:14,280 - INFO - Evaluating model...
2025-01-30 12:49:18,713 - INFO - 
Training Results:
2025-01-30 12:49:18,714 - INFO - Training Metrics:
2025-01-30 12:49:18,714 - INFO - - Classification Accuracy: 0.9963
2025-01-30 12:49:18,714 - INFO - - Classification Loss: 0.2393
2025-01-30 12:49:18,714 - INFO - - Regression MAE: 0.1687
2025-01-30 12:49:18,714 - INFO - - Total Loss: 8.6547
2025-01-30 12:49:18,714 - INFO - 
Validation Metrics:
2025-01-30 12:49:18,715 - INFO - - Classification Accuracy: 0.9992
2025-01-30 12:49:18,715 - INFO - - Classification Loss: 0.2105
2025-01-30 12:49:18,715 - INFO - - Regression MAE: 0.1593
2025-01-30 12:49:18,715 - INFO - - Total Loss: 2.2722
2025-01-30 12:49:18,718 - INFO - 
Training Time: 7.42 minutes
2025-01-30 12:49:18,718 - INFO - Epochs Trained: 25/25
2025-01-30 12:49:18,719 - INFO - Early Stopping: No
2025-01-30 12:49:18,745 - INFO - 
==================================================
2025-01-30 12:49:18,746 - INFO - Starting combination 19/24
2025-01-30 12:49:18,746 - INFO - Parameters: {'class_weight': 0.2, 'reg_weight': 1.8, 'learning_rate': 0.0001, 'batch_size': 128, 'dropout_rate': 0.6, 'epochs': 25, 'early_stopping_patience': 7, 'reduce_lr_patience': 4, 'lr_decay_rate': 0.9}
2025-01-30 12:49:19,880 - INFO - Starting training...
2025-01-30 12:54:09,297 - INFO - Evaluating model...
2025-01-30 12:54:13,173 - INFO - 
Training Results:
2025-01-30 12:54:13,174 - INFO - Training Metrics:
2025-01-30 12:54:13,174 - INFO - - Classification Accuracy: 0.9976
2025-01-30 12:54:13,174 - INFO - - Classification Loss: 0.2430
2025-01-30 12:54:13,174 - INFO - - Regression MAE: 0.1685
2025-01-30 12:54:13,175 - INFO - - Total Loss: 6.6365
2025-01-30 12:54:13,175 - INFO - 
Validation Metrics:
2025-01-30 12:54:13,175 - INFO - - Classification Accuracy: 1.0000
2025-01-30 12:54:13,175 - INFO - - Classification Loss: 0.2050
2025-01-30 12:54:13,175 - INFO - - Regression MAE: 0.1576
2025-01-30 12:54:13,175 - INFO - - Total Loss: 1.8785
2025-01-30 12:54:13,179 - INFO - 
Training Time: 4.80 minutes
2025-01-30 12:54:13,179 - INFO - Epochs Trained: 16/25
2025-01-30 12:54:13,179 - INFO - Early Stopping: Yes
2025-01-30 12:54:13,202 - INFO - 
==================================================
2025-01-30 12:54:13,204 - INFO - Starting combination 20/24
2025-01-30 12:54:13,204 - INFO - Parameters: {'class_weight': 0.2, 'reg_weight': 1.8, 'learning_rate': 0.0001, 'batch_size': 128, 'dropout_rate': 0.7, 'epochs': 25, 'early_stopping_patience': 7, 'reduce_lr_patience': 4, 'lr_decay_rate': 0.9}
2025-01-30 12:54:14,354 - INFO - Starting training...
2025-01-30 12:58:44,446 - INFO - Evaluating model...
2025-01-30 12:58:48,328 - INFO - 
Training Results:
2025-01-30 12:58:48,328 - INFO - Training Metrics:
2025-01-30 12:58:48,329 - INFO - - Classification Accuracy: 0.9956
2025-01-30 12:58:48,329 - INFO - - Classification Loss: 0.2618
2025-01-30 12:58:48,329 - INFO - - Regression MAE: 0.1840
2025-01-30 12:58:48,329 - INFO - - Total Loss: 6.1208
2025-01-30 12:58:48,329 - INFO - 
Validation Metrics:
2025-01-30 12:58:48,330 - INFO - - Classification Accuracy: 1.0000
2025-01-30 12:58:48,330 - INFO - - Classification Loss: 0.2130
2025-01-30 12:58:48,330 - INFO - - Regression MAE: 0.1644
2025-01-30 12:58:48,330 - INFO - - Total Loss: 2.6875
2025-01-30 12:58:48,334 - INFO - 
Training Time: 4.48 minutes
2025-01-30 12:58:48,334 - INFO - Epochs Trained: 15/25
2025-01-30 12:58:48,334 - INFO - Early Stopping: Yes
2025-01-30 12:58:48,362 - INFO - 
==================================================
2025-01-30 12:58:48,363 - INFO - Starting combination 21/24
2025-01-30 12:58:48,363 - INFO - Parameters: {'class_weight': 0.2, 'reg_weight': 1.9, 'learning_rate': 0.0001, 'batch_size': 96, 'dropout_rate': 0.6, 'epochs': 25, 'early_stopping_patience': 7, 'reduce_lr_patience': 4, 'lr_decay_rate': 0.9}
2025-01-30 12:58:49,757 - INFO - Starting training...
2025-01-30 13:06:15,842 - INFO - Evaluating model...
2025-01-30 13:06:19,711 - INFO - 
Training Results:
2025-01-30 13:06:19,711 - INFO - Training Metrics:
2025-01-30 13:06:19,711 - INFO - - Classification Accuracy: 0.9972
2025-01-30 13:06:19,711 - INFO - - Classification Loss: 0.3092
2025-01-30 13:06:19,711 - INFO - - Regression MAE: 0.1630
2025-01-30 13:06:19,712 - INFO - - Total Loss: 9.1949
2025-01-30 13:06:19,712 - INFO - 
Validation Metrics:
2025-01-30 13:06:19,712 - INFO - - Classification Accuracy: 0.9992
2025-01-30 13:06:19,712 - INFO - - Classification Loss: 0.2051
2025-01-30 13:06:19,712 - INFO - - Regression MAE: 0.1467
2025-01-30 13:06:19,712 - INFO - - Total Loss: 1.5875
2025-01-30 13:06:19,715 - INFO - 
Training Time: 7.41 minutes
2025-01-30 13:06:19,715 - INFO - Epochs Trained: 25/25
2025-01-30 13:06:19,716 - INFO - Early Stopping: No
2025-01-30 13:06:19,740 - INFO - 
==================================================
2025-01-30 13:06:19,740 - INFO - Starting combination 22/24
2025-01-30 13:06:19,740 - INFO - Parameters: {'class_weight': 0.2, 'reg_weight': 1.9, 'learning_rate': 0.0001, 'batch_size': 96, 'dropout_rate': 0.7, 'epochs': 25, 'early_stopping_patience': 7, 'reduce_lr_patience': 4, 'lr_decay_rate': 0.9}
2025-01-30 13:06:20,866 - INFO - Starting training...
2025-01-30 13:13:46,030 - INFO - Evaluating model...
2025-01-30 13:13:50,236 - INFO - 
Training Results:
2025-01-30 13:13:50,237 - INFO - Training Metrics:
2025-01-30 13:13:50,237 - INFO - - Classification Accuracy: 0.9960
2025-01-30 13:13:50,237 - INFO - - Classification Loss: 0.2864
2025-01-30 13:13:50,237 - INFO - - Regression MAE: 0.1660
2025-01-30 13:13:50,237 - INFO - - Total Loss: 11.6156
2025-01-30 13:13:50,237 - INFO - 
Validation Metrics:
2025-01-30 13:13:50,238 - INFO - - Classification Accuracy: 0.9992
2025-01-30 13:13:50,238 - INFO - - Classification Loss: 0.2080
2025-01-30 13:13:50,238 - INFO - - Regression MAE: 0.1780
2025-01-30 13:13:50,238 - INFO - - Total Loss: 2.5355
2025-01-30 13:13:50,242 - INFO - 
Training Time: 7.40 minutes
2025-01-30 13:13:50,242 - INFO - Epochs Trained: 25/25
2025-01-30 13:13:50,243 - INFO - Early Stopping: No
2025-01-30 13:13:50,268 - INFO - 
==================================================
2025-01-30 13:13:50,268 - INFO - Starting combination 23/24
2025-01-30 13:13:50,268 - INFO - Parameters: {'class_weight': 0.2, 'reg_weight': 1.9, 'learning_rate': 0.0001, 'batch_size': 128, 'dropout_rate': 0.6, 'epochs': 25, 'early_stopping_patience': 7, 'reduce_lr_patience': 4, 'lr_decay_rate': 0.9}
2025-01-30 13:13:51,856 - INFO - Starting training...
2025-01-30 13:21:10,690 - INFO - Evaluating model...
2025-01-30 13:21:14,581 - INFO - 
Training Results:
2025-01-30 13:21:14,582 - INFO - Training Metrics:
2025-01-30 13:21:14,582 - INFO - - Classification Accuracy: 0.9972
2025-01-30 13:21:14,582 - INFO - - Classification Loss: 0.2256
2025-01-30 13:21:14,582 - INFO - - Regression MAE: 0.1626
2025-01-30 13:21:14,582 - INFO - - Total Loss: 5.1834
2025-01-30 13:21:14,582 - INFO - 
Validation Metrics:
2025-01-30 13:21:14,582 - INFO - - Classification Accuracy: 0.9992
2025-01-30 13:21:14,583 - INFO - - Classification Loss: 0.2038
2025-01-30 13:21:14,583 - INFO - - Regression MAE: 0.1545
2025-01-30 13:21:14,583 - INFO - - Total Loss: 2.1041
2025-01-30 13:21:14,586 - INFO - 
Training Time: 7.29 minutes
2025-01-30 13:21:14,586 - INFO - Epochs Trained: 25/25
2025-01-30 13:21:14,586 - INFO - Early Stopping: No
2025-01-30 13:21:14,610 - INFO - 
==================================================
2025-01-30 13:21:14,611 - INFO - Starting combination 24/24
2025-01-30 13:21:14,611 - INFO - Parameters: {'class_weight': 0.2, 'reg_weight': 1.9, 'learning_rate': 0.0001, 'batch_size': 128, 'dropout_rate': 0.7, 'epochs': 25, 'early_stopping_patience': 7, 'reduce_lr_patience': 4, 'lr_decay_rate': 0.9}
2025-01-30 13:21:15,745 - INFO - Starting training...
2025-01-30 13:28:36,691 - INFO - Evaluating model...
2025-01-30 13:28:40,576 - INFO - 
Training Results:
2025-01-30 13:28:40,577 - INFO - Training Metrics:
2025-01-30 13:28:40,577 - INFO - - Classification Accuracy: 0.9969
2025-01-30 13:28:40,577 - INFO - - Classification Loss: 0.2444
2025-01-30 13:28:40,577 - INFO - - Regression MAE: 0.1739
2025-01-30 13:28:40,578 - INFO - - Total Loss: 12.1073
2025-01-30 13:28:40,578 - INFO - 
Validation Metrics:
2025-01-30 13:28:40,578 - INFO - - Classification Accuracy: 0.9992
2025-01-30 13:28:40,578 - INFO - - Classification Loss: 0.2111
2025-01-30 13:28:40,578 - INFO - - Regression MAE: 0.1608
2025-01-30 13:28:40,579 - INFO - - Total Loss: 2.2060
2025-01-30 13:28:40,582 - INFO - 
Training Time: 7.33 minutes
2025-01-30 13:28:40,582 - INFO - Epochs Trained: 25/25
2025-01-30 13:28:40,582 - INFO - Early Stopping: No
2025-01-30 13:28:40,607 - INFO - 
==================================================
2025-01-30 13:28:40,607 - INFO - Grid Search Completed
2025-01-30 13:28:40,607 - INFO - 
Best Model Summary:
2025-01-30 13:28:40,608 - INFO - Combination ID: 13
2025-01-30 13:28:40,608 - INFO - 
Parameters:
2025-01-30 13:28:40,608 - INFO - - class_weight: 0.2
2025-01-30 13:28:40,608 - INFO - - reg_weight: 1.7
2025-01-30 13:28:40,608 - INFO - - learning_rate: 0.0001
2025-01-30 13:28:40,608 - INFO - - batch_size: 96
2025-01-30 13:28:40,609 - INFO - - dropout_rate: 0.6
2025-01-30 13:28:40,609 - INFO - - epochs: 25
2025-01-30 13:28:40,609 - INFO - - early_stopping_patience: 7
2025-01-30 13:28:40,609 - INFO - - reduce_lr_patience: 4
2025-01-30 13:28:40,609 - INFO - - lr_decay_rate: 0.9
2025-01-30 13:28:40,609 - INFO - 
Best Metrics:
2025-01-30 13:28:40,609 - INFO - - Classification Accuracy: 1.0000
2025-01-30 13:28:40,610 - INFO - - Classification Loss: 0.2028
2025-01-30 13:28:40,610 - INFO - - Regression MAE: 0.1476
2025-01-30 13:28:40,610 - INFO - - Total Loss: 1.4716
2025-01-30 13:28:40,610 - INFO - 
Grid search process finished
2025-01-30 13:28:40,611 - INFO - Grid search completed. Best model: {'class_weight': 0.2, 'reg_weight': 1.7, 'learning_rate': 0.0001, 'batch_size': 96, 'dropout_rate': 0.6, 'epochs': 25, 'early_stopping_patience': 7, 'reduce_lr_patience': 4, 'lr_decay_rate': 0.9, 'combination_id': 13, 'final_train_total_loss': 6.853307247161865, 'final_train_class_loss': 0.23210735619068146, 'final_train_reg_loss': 4.004050254821777, 'final_train_class_accuracy': 0.9976011514663696, 'final_train_reg_mae': 0.16788361966609955, 'final_val_total_loss': 1.4732946157455444, 'final_val_class_loss': 0.20282813906669617, 'final_val_reg_loss': 0.8427817225456238, 'final_val_class_accuracy': 1.0, 'final_val_reg_mae': 0.1502513438463211, 'best_train_total_loss': 4.07712459564209, 'best_train_class_loss': 0.2159806787967682, 'best_train_reg_loss': 2.3719685077667236, 'best_train_class_accuracy': 0.9980183839797974, 'best_train_reg_mae': 0.16669653356075287, 'best_val_total_loss': 1.4716018438339233, 'best_val_class_loss': 0.20282813906669617, 'best_val_reg_loss': 0.8415858745574951, 'best_val_class_accuracy': 1.0, 'best_val_reg_mae': 0.14762075245380402, 'training_time': 7.38, 'epochs_trained': 24, 'stopped_early': True, 'model_dir': 'models/face_detection_20250130_121042', 'evaluation': {'test_total_loss': 8.683897972106934, 'test_class_loss': 0.20673994719982147, 'test_class_accuracy': 1.0, 'test_class_precision': 1.0, 'test_class_recall': 1.0, 'test_f1_score': 1.0, 'test_reg_loss': 5.083852767944336, 'test_reg_mae': 0.15004555881023407, 'test_reg_mse': 0.06531044840812683, 'test_reg_rmse': 0.2555590867996216}}
